{
  "stats": {
    "suites": 1,
    "tests": 1,
    "passes": 1,
    "pending": 0,
    "failures": 0,
    "start": "2021-04-05T00:17:44.491Z",
    "end": "2021-04-05T00:17:59.849Z",
    "duration": 15358,
    "testsRegistered": 1,
    "passPercent": 100,
    "pendingPercent": 0,
    "other": 0,
    "hasOther": false,
    "skipped": 0,
    "hasSkipped": false
  },
  "results": [
    {
      "uuid": "fb4618cd-4fdc-4206-a17c-2255b92bc3e6",
      "title": "",
      "fullFile": "cypress/integration/cadastro.spec.js",
      "file": "cypress/integration/cadastro.spec.js",
      "beforeHooks": [],
      "afterHooks": [],
      "tests": [],
      "suites": [
        {
          "uuid": "dd9e2f40-5a3e-41d0-96ce-afef892a83d5",
          "title": "D1N1",
          "fullFile": "",
          "file": "",
          "beforeHooks": [],
          "afterHooks": [],
          "tests": [
            {
              "title": "Cadastrar um novo usuário",
              "fullTitle": "D1N1 Cadastrar um novo usuário",
              "timedOut": null,
              "duration": 15273,
              "state": "passed",
              "speed": "slow",
              "pass": true,
              "fail": false,
              "pending": false,
              "context": null,
              "code": "cy.visit('/');\ncy.get('a[class=login]').click();\ncy.get('input#email_create').type(chance.email());\ncy.get('button#SubmitCreate').click(); //Formulário\ncy.get('input#id_gender1').check();\ncy.get('input#customer_firstname').type(chance.first());\ncy.get('input#customer_lastname').type(chance.last());\ncy.get('input#passwd').type('password');\ncy.get('select#days').select('31');\ncy.get('select#months').select('January');\ncy.get('select#years').select('1997');\ncy.get('input#firstname').type(chance.first());\ncy.get('input#lastname').type(chance.last());\ncy.get('input#company').type(chance.company());\ncy.get('input#address1').type(chance.address());\ncy.get('select#id_country').select('United States');\ncy.get('input#city').type(chance.city());\ncy.get('select#id_state').select('New York');\ncy.get('input#postcode').type('00000');\ncy.get('textarea#other').type('Desafio 1');\ncy.get('input#phone_mobile').type(chance.phone({\n  formatted: false\n}));\ncy.get('input#alias').clear().type('Endereço'); //botão Register\ncy.get('button#submitAccount').click(); //verificar URL\ncy.url().should('be.eq', 'http://automationpractice.com/index.php?controller=my-account'); //verificar Mensagem\ncy.get('p[class=\"info-account\"]').should('contain', 'Welcome to your account');",
              "err": {},
              "uuid": "714e7dc9-fc2f-443d-9225-d1edce7f8d7b",
              "parentUUID": "dd9e2f40-5a3e-41d0-96ce-afef892a83d5",
              "isHook": false,
              "skipped": false
            }
          ],
          "suites": [],
          "passes": [
            "714e7dc9-fc2f-443d-9225-d1edce7f8d7b"
          ],
          "failures": [],
          "pending": [],
          "skipped": [],
          "duration": 15273,
          "root": false,
          "rootEmpty": false,
          "_timeout": 2000
        }
      ],
      "passes": [],
      "failures": [],
      "pending": [],
      "skipped": [],
      "duration": 0,
      "root": true,
      "rootEmpty": true,
      "_timeout": 2000
    }
  ],
  "meta": {
    "mocha": {
      "version": "7.0.1"
    },
    "mochawesome": {
      "options": {
        "quiet": true,
        "reportFilename": "mochawesome",
        "saveHtml": false,
        "saveJson": true,
        "consoleReporter": "spec",
        "useInlineDiffs": false,
        "code": true
      },
      "version": "6.2.2"
    },
    "marge": {
      "options": {
        "id": "default",
        "reportDir": "mochawesome-report",
        "quiet": true,
        "overwrite": false,
        "html": false,
        "json": true
      },
      "version": "5.2.0"
    }
  }
}